mar 09, 2015 11:56:02 PM org.apache.catalina.startup.VersionLoggerListener log
INFORMACIÓN: Server version:        Apache Tomcat/7.0.59
mar 09, 2015 11:56:02 PM org.apache.catalina.startup.VersionLoggerListener log
INFORMACIÓN: Server built:          Jan 28 2015 15:51:10 UTC
mar 09, 2015 11:56:02 PM org.apache.catalina.startup.VersionLoggerListener log
INFORMACIÓN: Server number:         7.0.59.0
mar 09, 2015 11:56:02 PM org.apache.catalina.startup.VersionLoggerListener log
INFORMACIÓN: OS Name:               Mac OS X
mar 09, 2015 11:56:02 PM org.apache.catalina.startup.VersionLoggerListener log
INFORMACIÓN: OS Version:            10.9.5
mar 09, 2015 11:56:02 PM org.apache.catalina.startup.VersionLoggerListener log
INFORMACIÓN: Architecture:          x86_64
mar 09, 2015 11:56:02 PM org.apache.catalina.startup.VersionLoggerListener log
INFORMACIÓN: Java Home:             /Library/Java/JavaVirtualMachines/jdk1.8.0_31.jdk/Contents/Home/jre
mar 09, 2015 11:56:02 PM org.apache.catalina.startup.VersionLoggerListener log
INFORMACIÓN: JVM Version:           1.8.0_31-b13
mar 09, 2015 11:56:02 PM org.apache.catalina.startup.VersionLoggerListener log
INFORMACIÓN: JVM Vendor:            Oracle Corporation
mar 09, 2015 11:56:02 PM org.apache.catalina.startup.VersionLoggerListener log
INFORMACIÓN: CATALINA_BASE:         /Users/alfonso/Sites/converse/apache-tomcat-7.0.59
mar 09, 2015 11:56:02 PM org.apache.catalina.startup.VersionLoggerListener log
INFORMACIÓN: CATALINA_HOME:         /Users/alfonso/Sites/converse/apache-tomcat-7.0.59
mar 09, 2015 11:56:02 PM org.apache.catalina.startup.VersionLoggerListener log
INFORMACIÓN: Command line argument: -Djava.util.logging.config.file=/Users/alfonso/Sites/converse/apache-tomcat-7.0.59/conf/logging.properties
mar 09, 2015 11:56:02 PM org.apache.catalina.startup.VersionLoggerListener log
INFORMACIÓN: Command line argument: -Djava.util.logging.manager=org.apache.juli.ClassLoaderLogManager
mar 09, 2015 11:56:02 PM org.apache.catalina.startup.VersionLoggerListener log
INFORMACIÓN: Command line argument: -Dhttp.nonProxyHosts=localhost|127.0.0.1|macminils.gateway.2wire.net
mar 09, 2015 11:56:02 PM org.apache.catalina.startup.VersionLoggerListener log
INFORMACIÓN: Command line argument: -Djava.endorsed.dirs=/Users/alfonso/Sites/converse/apache-tomcat-7.0.59/endorsed
mar 09, 2015 11:56:02 PM org.apache.catalina.startup.VersionLoggerListener log
INFORMACIÓN: Command line argument: -Dcatalina.base=/Users/alfonso/Sites/converse/apache-tomcat-7.0.59
mar 09, 2015 11:56:02 PM org.apache.catalina.startup.VersionLoggerListener log
INFORMACIÓN: Command line argument: -Dcatalina.home=/Users/alfonso/Sites/converse/apache-tomcat-7.0.59
mar 09, 2015 11:56:02 PM org.apache.catalina.startup.VersionLoggerListener log
INFORMACIÓN: Command line argument: -Djava.io.tmpdir=/Users/alfonso/Sites/converse/apache-tomcat-7.0.59/temp
mar 09, 2015 11:56:02 PM org.apache.catalina.core.AprLifecycleListener lifecycleEvent
INFORMACIÓN: La biblioteca nativa de Apache Tomcat basada en ARP que permite un rendimiento óptimo en entornos de desarrollo no ha sido hallada en java.library.path: /Applications/NetBeans/NetBeans 8.0.2.app/Contents/Resources/NetBeans/webcommon/bin::/Users/alfonso/Library/Java/Extensions:/Library/Java/Extensions:/Network/Library/Java/Extensions:/System/Library/Java/Extensions:/usr/lib/java:.
mar 09, 2015 11:56:04 PM org.apache.coyote.AbstractProtocol init
INFORMACIÓN: Initializing ProtocolHandler ["http-bio-8080"]
mar 09, 2015 11:56:05 PM org.apache.coyote.AbstractProtocol init
INFORMACIÓN: Initializing ProtocolHandler ["ajp-bio-8009"]
mar 09, 2015 11:56:05 PM org.apache.catalina.startup.Catalina load
INFORMACIÓN: Initialization processed in 3472 ms
mar 09, 2015 11:56:05 PM org.apache.catalina.core.StandardService startInternal
INFORMACIÓN: Arrancando servicio Catalina
mar 09, 2015 11:56:05 PM org.apache.catalina.core.StandardEngine startInternal
INFORMACIÓN: Starting Servlet Engine: Apache Tomcat/7.0.59
mar 09, 2015 11:56:05 PM org.apache.catalina.startup.HostConfig deployDescriptor
INFORMACIÓN: Desplieque del descriptor de configuración /Users/alfonso/Sites/converse/apache-tomcat-7.0.59/conf/Catalina/localhost/Converse.xml
mar 09, 2015 11:56:06 PM org.apache.catalina.startup.HostConfig deployDescriptor
INFORMACIÓN: Deployment of configuration descriptor /Users/alfonso/Sites/converse/apache-tomcat-7.0.59/conf/Catalina/localhost/Converse.xml has finished in 1.494 ms
mar 09, 2015 11:56:06 PM org.apache.catalina.startup.HostConfig deployDirectory
INFORMACIÓN: Despliegue del directorio /Users/alfonso/Sites/converse/apache-tomcat-7.0.59/webapps/docs de la aplicación web
mar 09, 2015 11:56:06 PM org.apache.catalina.startup.HostConfig deployDirectory
INFORMACIÓN: Deployment of web application directory /Users/alfonso/Sites/converse/apache-tomcat-7.0.59/webapps/docs has finished in 100 ms
mar 09, 2015 11:56:06 PM org.apache.catalina.startup.HostConfig deployDirectory
INFORMACIÓN: Despliegue del directorio /Users/alfonso/Sites/converse/apache-tomcat-7.0.59/webapps/examples de la aplicación web
mar 09, 2015 11:56:07 PM org.apache.catalina.startup.HostConfig deployDirectory
INFORMACIÓN: Deployment of web application directory /Users/alfonso/Sites/converse/apache-tomcat-7.0.59/webapps/examples has finished in 690 ms
mar 09, 2015 11:56:07 PM org.apache.catalina.startup.HostConfig deployDirectory
INFORMACIÓN: Despliegue del directorio /Users/alfonso/Sites/converse/apache-tomcat-7.0.59/webapps/host-manager de la aplicación web
mar 09, 2015 11:56:07 PM org.apache.catalina.startup.HostConfig deployDirectory
INFORMACIÓN: Deployment of web application directory /Users/alfonso/Sites/converse/apache-tomcat-7.0.59/webapps/host-manager has finished in 118 ms
mar 09, 2015 11:56:07 PM org.apache.catalina.startup.HostConfig deployDirectory
INFORMACIÓN: Despliegue del directorio /Users/alfonso/Sites/converse/apache-tomcat-7.0.59/webapps/manager de la aplicación web
mar 09, 2015 11:56:07 PM org.apache.catalina.startup.HostConfig deployDirectory
INFORMACIÓN: Deployment of web application directory /Users/alfonso/Sites/converse/apache-tomcat-7.0.59/webapps/manager has finished in 118 ms
mar 09, 2015 11:56:07 PM org.apache.catalina.startup.HostConfig deployDirectory
INFORMACIÓN: Despliegue del directorio /Users/alfonso/Sites/converse/apache-tomcat-7.0.59/webapps/ROOT de la aplicación web
mar 09, 2015 11:56:07 PM org.apache.catalina.startup.HostConfig deployDirectory
INFORMACIÓN: Deployment of web application directory /Users/alfonso/Sites/converse/apache-tomcat-7.0.59/webapps/ROOT has finished in 71 ms
mar 09, 2015 11:56:07 PM org.apache.coyote.AbstractProtocol start
INFORMACIÓN: Starting ProtocolHandler ["http-bio-8080"]
mar 09, 2015 11:56:07 PM org.apache.coyote.AbstractProtocol start
INFORMACIÓN: Starting ProtocolHandler ["ajp-bio-8009"]
mar 09, 2015 11:56:07 PM org.apache.catalina.startup.Catalina start
INFORMACIÓN: Server startup in 2890 ms
