mar 02, 2015 4:16:08 PM org.apache.catalina.startup.VersionLoggerListener log
INFORMACIÓN: Server version:        Apache Tomcat/7.0.59
mar 02, 2015 4:16:08 PM org.apache.catalina.startup.VersionLoggerListener log
INFORMACIÓN: Server built:          Jan 28 2015 15:51:10 UTC
mar 02, 2015 4:16:08 PM org.apache.catalina.startup.VersionLoggerListener log
INFORMACIÓN: Server number:         7.0.59.0
mar 02, 2015 4:16:08 PM org.apache.catalina.startup.VersionLoggerListener log
INFORMACIÓN: OS Name:               Mac OS X
mar 02, 2015 4:16:08 PM org.apache.catalina.startup.VersionLoggerListener log
INFORMACIÓN: OS Version:            10.9.5
mar 02, 2015 4:16:08 PM org.apache.catalina.startup.VersionLoggerListener log
INFORMACIÓN: Architecture:          x86_64
mar 02, 2015 4:16:08 PM org.apache.catalina.startup.VersionLoggerListener log
INFORMACIÓN: Java Home:             /Library/Java/JavaVirtualMachines/jdk1.8.0_31.jdk/Contents/Home/jre
mar 02, 2015 4:16:08 PM org.apache.catalina.startup.VersionLoggerListener log
INFORMACIÓN: JVM Version:           1.8.0_31-b13
mar 02, 2015 4:16:08 PM org.apache.catalina.startup.VersionLoggerListener log
INFORMACIÓN: JVM Vendor:            Oracle Corporation
mar 02, 2015 4:16:09 PM org.apache.catalina.startup.VersionLoggerListener log
INFORMACIÓN: CATALINA_BASE:         /Users/alfonso/Sites/converse/apache-tomcat-7.0.59
mar 02, 2015 4:16:09 PM org.apache.catalina.startup.VersionLoggerListener log
INFORMACIÓN: CATALINA_HOME:         /Users/alfonso/Sites/converse/apache-tomcat-7.0.59
mar 02, 2015 4:16:09 PM org.apache.catalina.startup.VersionLoggerListener log
INFORMACIÓN: Command line argument: -Djava.util.logging.config.file=/Users/alfonso/Sites/converse/apache-tomcat-7.0.59/conf/logging.properties
mar 02, 2015 4:16:09 PM org.apache.catalina.startup.VersionLoggerListener log
INFORMACIÓN: Command line argument: -Djava.util.logging.manager=org.apache.juli.ClassLoaderLogManager
mar 02, 2015 4:16:09 PM org.apache.catalina.startup.VersionLoggerListener log
INFORMACIÓN: Command line argument: -Dhttp.nonProxyHosts=localhost|127.0.0.1|MacMiniLS.local
mar 02, 2015 4:16:09 PM org.apache.catalina.startup.VersionLoggerListener log
INFORMACIÓN: Command line argument: -Djava.endorsed.dirs=/Users/alfonso/Sites/converse/apache-tomcat-7.0.59/endorsed
mar 02, 2015 4:16:09 PM org.apache.catalina.startup.VersionLoggerListener log
INFORMACIÓN: Command line argument: -Dcatalina.base=/Users/alfonso/Sites/converse/apache-tomcat-7.0.59
mar 02, 2015 4:16:09 PM org.apache.catalina.startup.VersionLoggerListener log
INFORMACIÓN: Command line argument: -Dcatalina.home=/Users/alfonso/Sites/converse/apache-tomcat-7.0.59
mar 02, 2015 4:16:09 PM org.apache.catalina.startup.VersionLoggerListener log
INFORMACIÓN: Command line argument: -Djava.io.tmpdir=/Users/alfonso/Sites/converse/apache-tomcat-7.0.59/temp
mar 02, 2015 4:16:09 PM org.apache.catalina.core.AprLifecycleListener lifecycleEvent
INFORMACIÓN: La biblioteca nativa de Apache Tomcat basada en ARP que permite un rendimiento óptimo en entornos de desarrollo no ha sido hallada en java.library.path: /Applications/NetBeans/NetBeans 8.0.2.app/Contents/Resources/NetBeans/webcommon/bin::/Users/alfonso/Library/Java/Extensions:/Library/Java/Extensions:/Network/Library/Java/Extensions:/System/Library/Java/Extensions:/usr/lib/java:.
mar 02, 2015 4:16:10 PM org.apache.coyote.AbstractProtocol init
INFORMACIÓN: Initializing ProtocolHandler ["http-bio-8080"]
mar 02, 2015 4:16:10 PM org.apache.coyote.AbstractProtocol init
INFORMACIÓN: Initializing ProtocolHandler ["ajp-bio-8009"]
mar 02, 2015 4:16:10 PM org.apache.catalina.startup.Catalina load
INFORMACIÓN: Initialization processed in 3417 ms
mar 02, 2015 4:16:10 PM org.apache.catalina.core.StandardService startInternal
INFORMACIÓN: Arrancando servicio Catalina
mar 02, 2015 4:16:10 PM org.apache.catalina.core.StandardEngine startInternal
INFORMACIÓN: Starting Servlet Engine: Apache Tomcat/7.0.59
mar 02, 2015 4:16:10 PM org.apache.catalina.startup.HostConfig deployDirectory
INFORMACIÓN: Despliegue del directorio /Users/alfonso/Sites/converse/apache-tomcat-7.0.59/webapps/docs de la aplicación web
mar 02, 2015 4:16:12 PM org.apache.catalina.startup.HostConfig deployDirectory
INFORMACIÓN: Deployment of web application directory /Users/alfonso/Sites/converse/apache-tomcat-7.0.59/webapps/docs has finished in 1.517 ms
mar 02, 2015 4:16:12 PM org.apache.catalina.startup.HostConfig deployDirectory
INFORMACIÓN: Despliegue del directorio /Users/alfonso/Sites/converse/apache-tomcat-7.0.59/webapps/examples de la aplicación web
mar 02, 2015 4:16:13 PM org.apache.catalina.startup.HostConfig deployDirectory
INFORMACIÓN: Deployment of web application directory /Users/alfonso/Sites/converse/apache-tomcat-7.0.59/webapps/examples has finished in 1.007 ms
mar 02, 2015 4:16:13 PM org.apache.catalina.startup.HostConfig deployDirectory
INFORMACIÓN: Despliegue del directorio /Users/alfonso/Sites/converse/apache-tomcat-7.0.59/webapps/host-manager de la aplicación web
mar 02, 2015 4:16:13 PM org.apache.catalina.startup.HostConfig deployDirectory
INFORMACIÓN: Deployment of web application directory /Users/alfonso/Sites/converse/apache-tomcat-7.0.59/webapps/host-manager has finished in 268 ms
mar 02, 2015 4:16:13 PM org.apache.catalina.startup.HostConfig deployDirectory
INFORMACIÓN: Despliegue del directorio /Users/alfonso/Sites/converse/apache-tomcat-7.0.59/webapps/manager de la aplicación web
mar 02, 2015 4:16:13 PM org.apache.catalina.startup.HostConfig deployDirectory
INFORMACIÓN: Deployment of web application directory /Users/alfonso/Sites/converse/apache-tomcat-7.0.59/webapps/manager has finished in 147 ms
mar 02, 2015 4:16:13 PM org.apache.catalina.startup.HostConfig deployDirectory
INFORMACIÓN: Despliegue del directorio /Users/alfonso/Sites/converse/apache-tomcat-7.0.59/webapps/ROOT de la aplicación web
mar 02, 2015 4:16:13 PM org.apache.catalina.startup.HostConfig deployDirectory
INFORMACIÓN: Deployment of web application directory /Users/alfonso/Sites/converse/apache-tomcat-7.0.59/webapps/ROOT has finished in 36 ms
mar 02, 2015 4:16:13 PM org.apache.coyote.AbstractProtocol start
INFORMACIÓN: Starting ProtocolHandler ["http-bio-8080"]
mar 02, 2015 4:16:13 PM org.apache.coyote.AbstractProtocol start
INFORMACIÓN: Starting ProtocolHandler ["ajp-bio-8009"]
mar 02, 2015 4:16:13 PM org.apache.catalina.startup.Catalina start
INFORMACIÓN: Server startup in 3323 ms
mar 02, 2015 4:16:15 PM org.apache.catalina.startup.HostConfig deployDescriptor
INFORMACIÓN: Desplieque del descriptor de configuración /Users/alfonso/Sites/converse/apache-tomcat-7.0.59/conf/Catalina/localhost/Converse.xml
mar 02, 2015 4:16:15 PM org.apache.catalina.startup.HostConfig deployDescriptor
INFORMACIÓN: Deployment of configuration descriptor /Users/alfonso/Sites/converse/apache-tomcat-7.0.59/conf/Catalina/localhost/Converse.xml has finished in 720 ms
mar 02, 2015 4:16:15 PM org.apache.catalina.util.LifecycleBase start
INFORMACIÓN: The start() method was called on component [StandardEngine[Catalina].StandardHost[localhost].StandardContext[/Converse]] after start() had already been called. The second call will be ignored.
mar 02, 2015 4:42:58 PM org.apache.catalina.startup.HostConfig undeploy
INFORMACIÓN: Repliegue (undeploy) de la aplicación web que tiene como trayectoria de contexto /Converse
mar 02, 2015 4:48:19 PM org.apache.catalina.startup.HostConfig deployDescriptor
INFORMACIÓN: Desplieque del descriptor de configuración /Users/alfonso/Sites/converse/apache-tomcat-7.0.59/conf/Catalina/localhost/Converse.xml
mar 02, 2015 4:48:19 PM org.apache.catalina.startup.HostConfig deployDescriptor
INFORMACIÓN: Deployment of configuration descriptor /Users/alfonso/Sites/converse/apache-tomcat-7.0.59/conf/Catalina/localhost/Converse.xml has finished in 243 ms
mar 02, 2015 4:48:19 PM org.apache.catalina.util.LifecycleBase start
INFORMACIÓN: The start() method was called on component [StandardEngine[Catalina].StandardHost[localhost].StandardContext[/Converse]] after start() had already been called. The second call will be ignored.
mar 02, 2015 6:29:39 PM org.apache.catalina.startup.HostConfig undeploy
INFORMACIÓN: Repliegue (undeploy) de la aplicación web que tiene como trayectoria de contexto /Converse
mar 02, 2015 6:46:16 PM org.apache.catalina.startup.HostConfig deployDescriptor
INFORMACIÓN: Desplieque del descriptor de configuración /Users/alfonso/Sites/converse/apache-tomcat-7.0.59/conf/Catalina/localhost/Converse.xml
mar 02, 2015 6:46:16 PM org.apache.catalina.startup.HostConfig deployDescriptor
INFORMACIÓN: Deployment of configuration descriptor /Users/alfonso/Sites/converse/apache-tomcat-7.0.59/conf/Catalina/localhost/Converse.xml has finished in 392 ms
mar 02, 2015 6:46:16 PM org.apache.catalina.util.LifecycleBase start
INFORMACIÓN: The start() method was called on component [StandardEngine[Catalina].StandardHost[localhost].StandardContext[/Converse]] after start() had already been called. The second call will be ignored.
mar 02, 2015 8:01:28 PM org.apache.catalina.startup.HostConfig undeploy
INFORMACIÓN: Repliegue (undeploy) de la aplicación web que tiene como trayectoria de contexto /Converse
mar 02, 2015 8:19:47 PM org.apache.catalina.startup.HostConfig deployDescriptor
INFORMACIÓN: Desplieque del descriptor de configuración /Users/alfonso/Sites/converse/apache-tomcat-7.0.59/conf/Catalina/localhost/Converse.xml
mar 02, 2015 8:19:48 PM org.apache.catalina.startup.HostConfig deployDescriptor
INFORMACIÓN: Deployment of configuration descriptor /Users/alfonso/Sites/converse/apache-tomcat-7.0.59/conf/Catalina/localhost/Converse.xml has finished in 366 ms
mar 02, 2015 8:19:48 PM org.apache.catalina.util.LifecycleBase start
INFORMACIÓN: The start() method was called on component [StandardEngine[Catalina].StandardHost[localhost].StandardContext[/Converse]] after start() had already been called. The second call will be ignored.
mar 02, 2015 8:20:03 PM org.apache.catalina.startup.HostConfig undeploy
INFORMACIÓN: Repliegue (undeploy) de la aplicación web que tiene como trayectoria de contexto /Converse
mar 02, 2015 8:38:08 PM org.apache.catalina.startup.HostConfig deployDescriptor
INFORMACIÓN: Desplieque del descriptor de configuración /Users/alfonso/Sites/converse/apache-tomcat-7.0.59/conf/Catalina/localhost/Converse.xml
mar 02, 2015 8:38:09 PM org.apache.catalina.startup.HostConfig deployDescriptor
INFORMACIÓN: Deployment of configuration descriptor /Users/alfonso/Sites/converse/apache-tomcat-7.0.59/conf/Catalina/localhost/Converse.xml has finished in 298 ms
mar 02, 2015 8:38:09 PM org.apache.catalina.util.LifecycleBase start
INFORMACIÓN: The start() method was called on component [StandardEngine[Catalina].StandardHost[localhost].StandardContext[/Converse]] after start() had already been called. The second call will be ignored.
mar 02, 2015 8:48:14 PM org.apache.catalina.startup.HostConfig undeploy
INFORMACIÓN: Repliegue (undeploy) de la aplicación web que tiene como trayectoria de contexto /Converse
mar 02, 2015 8:50:12 PM org.apache.catalina.core.StandardServer await
INFORMACIÓN: Se ha recibido un comando de apagado a través del puerto de apagado. Parando la instancia del Servidor.
mar 02, 2015 8:50:12 PM org.apache.coyote.AbstractProtocol pause
INFORMACIÓN: Pausing ProtocolHandler ["http-bio-8080"]
mar 02, 2015 8:50:12 PM org.apache.coyote.AbstractProtocol pause
INFORMACIÓN: Pausing ProtocolHandler ["ajp-bio-8009"]
mar 02, 2015 8:50:12 PM org.apache.catalina.core.StandardService stopInternal
INFORMACIÓN: Parando servicio Catalina
mar 02, 2015 8:50:13 PM org.apache.coyote.AbstractProtocol stop
INFORMACIÓN: Stopping ProtocolHandler ["http-bio-8080"]
mar 02, 2015 8:50:13 PM org.apache.coyote.AbstractProtocol stop
INFORMACIÓN: Stopping ProtocolHandler ["ajp-bio-8009"]
mar 02, 2015 8:50:13 PM org.apache.coyote.AbstractProtocol destroy
INFORMACIÓN: Destroying ProtocolHandler ["http-bio-8080"]
mar 02, 2015 8:50:13 PM org.apache.coyote.AbstractProtocol destroy
INFORMACIÓN: Destroying ProtocolHandler ["ajp-bio-8009"]
