feb 25, 2015 12:24:46 AM org.apache.catalina.startup.VersionLoggerListener log
INFORMACIÓN: Server version:        Apache Tomcat/7.0.59
feb 25, 2015 12:24:46 AM org.apache.catalina.startup.VersionLoggerListener log
INFORMACIÓN: Server built:          Jan 28 2015 15:51:10 UTC
feb 25, 2015 12:24:46 AM org.apache.catalina.startup.VersionLoggerListener log
INFORMACIÓN: Server number:         7.0.59.0
feb 25, 2015 12:24:46 AM org.apache.catalina.startup.VersionLoggerListener log
INFORMACIÓN: OS Name:               Mac OS X
feb 25, 2015 12:24:46 AM org.apache.catalina.startup.VersionLoggerListener log
INFORMACIÓN: OS Version:            10.9.5
feb 25, 2015 12:24:46 AM org.apache.catalina.startup.VersionLoggerListener log
INFORMACIÓN: Architecture:          x86_64
feb 25, 2015 12:24:46 AM org.apache.catalina.startup.VersionLoggerListener log
INFORMACIÓN: Java Home:             /Library/Java/JavaVirtualMachines/jdk1.8.0_31.jdk/Contents/Home/jre
feb 25, 2015 12:24:46 AM org.apache.catalina.startup.VersionLoggerListener log
INFORMACIÓN: JVM Version:           1.8.0_31-b13
feb 25, 2015 12:24:46 AM org.apache.catalina.startup.VersionLoggerListener log
INFORMACIÓN: JVM Vendor:            Oracle Corporation
feb 25, 2015 12:24:46 AM org.apache.catalina.startup.VersionLoggerListener log
INFORMACIÓN: CATALINA_BASE:         /Users/alfonso/Sites/converse/apache-tomcat-7.0.59
feb 25, 2015 12:24:46 AM org.apache.catalina.startup.VersionLoggerListener log
INFORMACIÓN: CATALINA_HOME:         /Users/alfonso/Sites/converse/apache-tomcat-7.0.59
feb 25, 2015 12:24:46 AM org.apache.catalina.startup.VersionLoggerListener log
INFORMACIÓN: Command line argument: -Djava.util.logging.config.file=/Users/alfonso/Sites/converse/apache-tomcat-7.0.59/conf/logging.properties
feb 25, 2015 12:24:46 AM org.apache.catalina.startup.VersionLoggerListener log
INFORMACIÓN: Command line argument: -Djava.util.logging.manager=org.apache.juli.ClassLoaderLogManager
feb 25, 2015 12:24:46 AM org.apache.catalina.startup.VersionLoggerListener log
INFORMACIÓN: Command line argument: -Dhttp.nonProxyHosts=localhost|127.0.0.1|macminils.gateway.2wire.net
feb 25, 2015 12:24:46 AM org.apache.catalina.startup.VersionLoggerListener log
INFORMACIÓN: Command line argument: -Djava.endorsed.dirs=/Users/alfonso/Sites/converse/apache-tomcat-7.0.59/endorsed
feb 25, 2015 12:24:46 AM org.apache.catalina.startup.VersionLoggerListener log
INFORMACIÓN: Command line argument: -Dcatalina.base=/Users/alfonso/Sites/converse/apache-tomcat-7.0.59
feb 25, 2015 12:24:46 AM org.apache.catalina.startup.VersionLoggerListener log
INFORMACIÓN: Command line argument: -Dcatalina.home=/Users/alfonso/Sites/converse/apache-tomcat-7.0.59
feb 25, 2015 12:24:46 AM org.apache.catalina.startup.VersionLoggerListener log
INFORMACIÓN: Command line argument: -Djava.io.tmpdir=/Users/alfonso/Sites/converse/apache-tomcat-7.0.59/temp
feb 25, 2015 12:24:46 AM org.apache.catalina.core.AprLifecycleListener lifecycleEvent
INFORMACIÓN: La biblioteca nativa de Apache Tomcat basada en ARP que permite un rendimiento óptimo en entornos de desarrollo no ha sido hallada en java.library.path: /Applications/NetBeans/NetBeans 8.0.2.app/Contents/Resources/NetBeans/webcommon/bin::/Users/alfonso/Library/Java/Extensions:/Library/Java/Extensions:/Network/Library/Java/Extensions:/System/Library/Java/Extensions:/usr/lib/java:.
feb 25, 2015 12:24:48 AM org.apache.coyote.AbstractProtocol init
INFORMACIÓN: Initializing ProtocolHandler ["http-bio-8080"]
feb 25, 2015 12:24:49 AM org.apache.coyote.AbstractProtocol init
INFORMACIÓN: Initializing ProtocolHandler ["ajp-bio-8009"]
feb 25, 2015 12:24:49 AM org.apache.catalina.startup.Catalina load
INFORMACIÓN: Initialization processed in 6149 ms
feb 25, 2015 12:24:49 AM org.apache.catalina.core.StandardService startInternal
INFORMACIÓN: Arrancando servicio Catalina
feb 25, 2015 12:24:49 AM org.apache.catalina.core.StandardEngine startInternal
INFORMACIÓN: Starting Servlet Engine: Apache Tomcat/7.0.59
feb 25, 2015 12:24:49 AM org.apache.catalina.startup.HostConfig deployDirectory
INFORMACIÓN: Despliegue del directorio /Users/alfonso/Sites/converse/apache-tomcat-7.0.59/webapps/docs de la aplicación web
feb 25, 2015 12:24:52 AM org.apache.catalina.util.SessionIdGeneratorBase createSecureRandom
INFORMACIÓN: Creation of SecureRandom instance for session ID generation using [SHA1PRNG] took [254] milliseconds.
feb 25, 2015 12:24:52 AM org.apache.catalina.startup.HostConfig deployDirectory
INFORMACIÓN: Deployment of web application directory /Users/alfonso/Sites/converse/apache-tomcat-7.0.59/webapps/docs has finished in 3.006 ms
feb 25, 2015 12:24:52 AM org.apache.catalina.startup.HostConfig deployDirectory
INFORMACIÓN: Despliegue del directorio /Users/alfonso/Sites/converse/apache-tomcat-7.0.59/webapps/examples de la aplicación web
feb 25, 2015 12:24:56 AM org.apache.catalina.startup.HostConfig deployDirectory
INFORMACIÓN: Deployment of web application directory /Users/alfonso/Sites/converse/apache-tomcat-7.0.59/webapps/examples has finished in 3.289 ms
feb 25, 2015 12:24:56 AM org.apache.catalina.startup.HostConfig deployDirectory
INFORMACIÓN: Despliegue del directorio /Users/alfonso/Sites/converse/apache-tomcat-7.0.59/webapps/host-manager de la aplicación web
feb 25, 2015 12:24:56 AM org.apache.catalina.startup.HostConfig deployDirectory
INFORMACIÓN: Deployment of web application directory /Users/alfonso/Sites/converse/apache-tomcat-7.0.59/webapps/host-manager has finished in 721 ms
feb 25, 2015 12:24:56 AM org.apache.catalina.startup.HostConfig deployDirectory
INFORMACIÓN: Despliegue del directorio /Users/alfonso/Sites/converse/apache-tomcat-7.0.59/webapps/manager de la aplicación web
feb 25, 2015 12:24:56 AM org.apache.catalina.startup.HostConfig deployDirectory
INFORMACIÓN: Deployment of web application directory /Users/alfonso/Sites/converse/apache-tomcat-7.0.59/webapps/manager has finished in 88 ms
feb 25, 2015 12:24:56 AM org.apache.catalina.startup.HostConfig deployDirectory
INFORMACIÓN: Despliegue del directorio /Users/alfonso/Sites/converse/apache-tomcat-7.0.59/webapps/ROOT de la aplicación web
feb 25, 2015 12:24:57 AM org.apache.catalina.startup.HostConfig deployDirectory
INFORMACIÓN: Deployment of web application directory /Users/alfonso/Sites/converse/apache-tomcat-7.0.59/webapps/ROOT has finished in 41 ms
feb 25, 2015 12:24:57 AM org.apache.coyote.AbstractProtocol start
INFORMACIÓN: Starting ProtocolHandler ["http-bio-8080"]
feb 25, 2015 12:24:57 AM org.apache.coyote.AbstractProtocol start
INFORMACIÓN: Starting ProtocolHandler ["ajp-bio-8009"]
feb 25, 2015 12:24:57 AM org.apache.catalina.startup.Catalina start
INFORMACIÓN: Server startup in 7928 ms
feb 25, 2015 12:25:00 AM org.apache.catalina.startup.HostConfig deployDescriptor
INFORMACIÓN: Desplieque del descriptor de configuración /Users/alfonso/Sites/converse/apache-tomcat-7.0.59/conf/Catalina/localhost/Convese.xml
feb 25, 2015 12:25:00 AM org.apache.catalina.startup.HostConfig deployDescriptor
INFORMACIÓN: Deployment of configuration descriptor /Users/alfonso/Sites/converse/apache-tomcat-7.0.59/conf/Catalina/localhost/Convese.xml has finished in 642 ms
feb 25, 2015 12:25:00 AM org.apache.catalina.util.LifecycleBase start
INFORMACIÓN: The start() method was called on component [StandardEngine[Catalina].StandardHost[localhost].StandardContext[/Convese]] after start() had already been called. The second call will be ignored.
feb 25, 2015 5:07:49 AM org.apache.catalina.core.StandardServer await
INFORMACIÓN: Se ha recibido un comando de apagado a través del puerto de apagado. Parando la instancia del Servidor.
feb 25, 2015 5:07:49 AM org.apache.coyote.AbstractProtocol pause
INFORMACIÓN: Pausing ProtocolHandler ["http-bio-8080"]
feb 25, 2015 5:07:49 AM org.apache.coyote.AbstractProtocol pause
INFORMACIÓN: Pausing ProtocolHandler ["ajp-bio-8009"]
feb 25, 2015 5:07:49 AM org.apache.catalina.core.StandardService stopInternal
INFORMACIÓN: Parando servicio Catalina
feb 25, 2015 5:07:50 AM org.apache.coyote.AbstractProtocol stop
INFORMACIÓN: Stopping ProtocolHandler ["http-bio-8080"]
feb 25, 2015 5:07:50 AM org.apache.coyote.AbstractProtocol stop
INFORMACIÓN: Stopping ProtocolHandler ["ajp-bio-8009"]
feb 25, 2015 5:07:50 AM org.apache.coyote.AbstractProtocol destroy
INFORMACIÓN: Destroying ProtocolHandler ["http-bio-8080"]
feb 25, 2015 5:07:50 AM org.apache.coyote.AbstractProtocol destroy
INFORMACIÓN: Destroying ProtocolHandler ["ajp-bio-8009"]
feb 25, 2015 3:40:48 PM org.apache.catalina.startup.VersionLoggerListener log
INFORMACIÓN: Server version:        Apache Tomcat/7.0.59
feb 25, 2015 3:40:48 PM org.apache.catalina.startup.VersionLoggerListener log
INFORMACIÓN: Server built:          Jan 28 2015 15:51:10 UTC
feb 25, 2015 3:40:48 PM org.apache.catalina.startup.VersionLoggerListener log
INFORMACIÓN: Server number:         7.0.59.0
feb 25, 2015 3:40:48 PM org.apache.catalina.startup.VersionLoggerListener log
INFORMACIÓN: OS Name:               Mac OS X
feb 25, 2015 3:40:48 PM org.apache.catalina.startup.VersionLoggerListener log
INFORMACIÓN: OS Version:            10.9.5
feb 25, 2015 3:40:48 PM org.apache.catalina.startup.VersionLoggerListener log
INFORMACIÓN: Architecture:          x86_64
feb 25, 2015 3:40:48 PM org.apache.catalina.startup.VersionLoggerListener log
INFORMACIÓN: Java Home:             /Library/Java/JavaVirtualMachines/jdk1.8.0_31.jdk/Contents/Home/jre
feb 25, 2015 3:40:48 PM org.apache.catalina.startup.VersionLoggerListener log
INFORMACIÓN: JVM Version:           1.8.0_31-b13
feb 25, 2015 3:40:48 PM org.apache.catalina.startup.VersionLoggerListener log
INFORMACIÓN: JVM Vendor:            Oracle Corporation
feb 25, 2015 3:40:48 PM org.apache.catalina.startup.VersionLoggerListener log
INFORMACIÓN: CATALINA_BASE:         /Users/alfonso/Sites/converse/apache-tomcat-7.0.59
feb 25, 2015 3:40:48 PM org.apache.catalina.startup.VersionLoggerListener log
INFORMACIÓN: CATALINA_HOME:         /Users/alfonso/Sites/converse/apache-tomcat-7.0.59
feb 25, 2015 3:40:48 PM org.apache.catalina.startup.VersionLoggerListener log
INFORMACIÓN: Command line argument: -Djava.util.logging.config.file=/Users/alfonso/Sites/converse/apache-tomcat-7.0.59/conf/logging.properties
feb 25, 2015 3:40:48 PM org.apache.catalina.startup.VersionLoggerListener log
INFORMACIÓN: Command line argument: -Djava.util.logging.manager=org.apache.juli.ClassLoaderLogManager
feb 25, 2015 3:40:48 PM org.apache.catalina.startup.VersionLoggerListener log
INFORMACIÓN: Command line argument: -Dhttp.nonProxyHosts=localhost|127.0.0.1|MacMiniLS.local
feb 25, 2015 3:40:48 PM org.apache.catalina.startup.VersionLoggerListener log
INFORMACIÓN: Command line argument: -Djava.endorsed.dirs=/Users/alfonso/Sites/converse/apache-tomcat-7.0.59/endorsed
feb 25, 2015 3:40:48 PM org.apache.catalina.startup.VersionLoggerListener log
INFORMACIÓN: Command line argument: -Dcatalina.base=/Users/alfonso/Sites/converse/apache-tomcat-7.0.59
feb 25, 2015 3:40:48 PM org.apache.catalina.startup.VersionLoggerListener log
INFORMACIÓN: Command line argument: -Dcatalina.home=/Users/alfonso/Sites/converse/apache-tomcat-7.0.59
feb 25, 2015 3:40:48 PM org.apache.catalina.startup.VersionLoggerListener log
INFORMACIÓN: Command line argument: -Djava.io.tmpdir=/Users/alfonso/Sites/converse/apache-tomcat-7.0.59/temp
feb 25, 2015 3:40:48 PM org.apache.catalina.core.AprLifecycleListener lifecycleEvent
INFORMACIÓN: La biblioteca nativa de Apache Tomcat basada en ARP que permite un rendimiento óptimo en entornos de desarrollo no ha sido hallada en java.library.path: /Applications/NetBeans/NetBeans 8.0.2.app/Contents/Resources/NetBeans/webcommon/bin::/Users/alfonso/Library/Java/Extensions:/Library/Java/Extensions:/Network/Library/Java/Extensions:/System/Library/Java/Extensions:/usr/lib/java:.
feb 25, 2015 3:40:48 PM org.apache.coyote.AbstractProtocol init
INFORMACIÓN: Initializing ProtocolHandler ["http-bio-8080"]
feb 25, 2015 3:40:48 PM org.apache.coyote.AbstractProtocol init
INFORMACIÓN: Initializing ProtocolHandler ["ajp-bio-8009"]
feb 25, 2015 3:40:48 PM org.apache.catalina.startup.Catalina load
INFORMACIÓN: Initialization processed in 1296 ms
feb 25, 2015 3:40:48 PM org.apache.catalina.core.StandardService startInternal
INFORMACIÓN: Arrancando servicio Catalina
feb 25, 2015 3:40:48 PM org.apache.catalina.core.StandardEngine startInternal
INFORMACIÓN: Starting Servlet Engine: Apache Tomcat/7.0.59
feb 25, 2015 3:40:48 PM org.apache.catalina.startup.HostConfig deployDescriptor
INFORMACIÓN: Desplieque del descriptor de configuración /Users/alfonso/Sites/converse/apache-tomcat-7.0.59/conf/Catalina/localhost/Convese.xml
feb 25, 2015 3:40:49 PM org.apache.catalina.startup.HostConfig deployDescriptor
INFORMACIÓN: Deployment of configuration descriptor /Users/alfonso/Sites/converse/apache-tomcat-7.0.59/conf/Catalina/localhost/Convese.xml has finished in 822 ms
feb 25, 2015 3:40:49 PM org.apache.catalina.startup.HostConfig deployDirectory
INFORMACIÓN: Despliegue del directorio /Users/alfonso/Sites/converse/apache-tomcat-7.0.59/webapps/docs de la aplicación web
feb 25, 2015 3:40:49 PM org.apache.catalina.startup.HostConfig deployDirectory
INFORMACIÓN: Deployment of web application directory /Users/alfonso/Sites/converse/apache-tomcat-7.0.59/webapps/docs has finished in 84 ms
feb 25, 2015 3:40:49 PM org.apache.catalina.startup.HostConfig deployDirectory
INFORMACIÓN: Despliegue del directorio /Users/alfonso/Sites/converse/apache-tomcat-7.0.59/webapps/examples de la aplicación web
feb 25, 2015 3:40:50 PM org.apache.catalina.startup.HostConfig deployDirectory
INFORMACIÓN: Deployment of web application directory /Users/alfonso/Sites/converse/apache-tomcat-7.0.59/webapps/examples has finished in 731 ms
feb 25, 2015 3:40:50 PM org.apache.catalina.startup.HostConfig deployDirectory
INFORMACIÓN: Despliegue del directorio /Users/alfonso/Sites/converse/apache-tomcat-7.0.59/webapps/host-manager de la aplicación web
feb 25, 2015 3:40:50 PM org.apache.catalina.startup.HostConfig deployDirectory
INFORMACIÓN: Deployment of web application directory /Users/alfonso/Sites/converse/apache-tomcat-7.0.59/webapps/host-manager has finished in 223 ms
feb 25, 2015 3:40:50 PM org.apache.catalina.startup.HostConfig deployDirectory
INFORMACIÓN: Despliegue del directorio /Users/alfonso/Sites/converse/apache-tomcat-7.0.59/webapps/manager de la aplicación web
feb 25, 2015 3:40:50 PM org.apache.catalina.startup.HostConfig deployDirectory
INFORMACIÓN: Deployment of web application directory /Users/alfonso/Sites/converse/apache-tomcat-7.0.59/webapps/manager has finished in 78 ms
feb 25, 2015 3:40:50 PM org.apache.catalina.startup.HostConfig deployDirectory
INFORMACIÓN: Despliegue del directorio /Users/alfonso/Sites/converse/apache-tomcat-7.0.59/webapps/ROOT de la aplicación web
feb 25, 2015 3:40:50 PM org.apache.catalina.startup.HostConfig deployDirectory
INFORMACIÓN: Deployment of web application directory /Users/alfonso/Sites/converse/apache-tomcat-7.0.59/webapps/ROOT has finished in 55 ms
feb 25, 2015 3:40:50 PM org.apache.coyote.AbstractProtocol start
INFORMACIÓN: Starting ProtocolHandler ["http-bio-8080"]
feb 25, 2015 3:40:50 PM org.apache.coyote.AbstractProtocol start
INFORMACIÓN: Starting ProtocolHandler ["ajp-bio-8009"]
feb 25, 2015 3:40:50 PM org.apache.catalina.startup.Catalina start
INFORMACIÓN: Server startup in 2185 ms
feb 25, 2015 8:36:39 PM org.apache.catalina.startup.HostConfig undeploy
INFORMACIÓN: Repliegue (undeploy) de la aplicación web que tiene como trayectoria de contexto /Convese
feb 25, 2015 8:36:50 PM org.apache.catalina.startup.HostConfig deployDescriptor
INFORMACIÓN: Desplieque del descriptor de configuración /Users/alfonso/Sites/converse/apache-tomcat-7.0.59/conf/Catalina/localhost/Converse.xml
feb 25, 2015 8:36:50 PM org.apache.catalina.startup.HostConfig deployDescriptor
INFORMACIÓN: Deployment of configuration descriptor /Users/alfonso/Sites/converse/apache-tomcat-7.0.59/conf/Catalina/localhost/Converse.xml has finished in 412 ms
feb 25, 2015 8:36:50 PM org.apache.catalina.util.LifecycleBase start
INFORMACIÓN: The start() method was called on component [StandardEngine[Catalina].StandardHost[localhost].StandardContext[/Converse]] after start() had already been called. The second call will be ignored.
feb 25, 2015 8:37:00 PM org.apache.catalina.startup.HostConfig undeploy
INFORMACIÓN: Repliegue (undeploy) de la aplicación web que tiene como trayectoria de contexto /Converse
feb 25, 2015 8:46:42 PM org.apache.catalina.core.StandardServer await
INFORMACIÓN: Se ha recibido un comando de apagado a través del puerto de apagado. Parando la instancia del Servidor.
feb 25, 2015 8:46:42 PM org.apache.coyote.AbstractProtocol pause
INFORMACIÓN: Pausing ProtocolHandler ["http-bio-8080"]
feb 25, 2015 8:46:42 PM org.apache.coyote.AbstractProtocol pause
INFORMACIÓN: Pausing ProtocolHandler ["ajp-bio-8009"]
feb 25, 2015 8:46:42 PM org.apache.catalina.core.StandardService stopInternal
INFORMACIÓN: Parando servicio Catalina
feb 25, 2015 8:46:43 PM org.apache.coyote.AbstractProtocol stop
INFORMACIÓN: Stopping ProtocolHandler ["http-bio-8080"]
feb 25, 2015 8:46:43 PM org.apache.coyote.AbstractProtocol stop
INFORMACIÓN: Stopping ProtocolHandler ["ajp-bio-8009"]
feb 25, 2015 8:46:43 PM org.apache.coyote.AbstractProtocol destroy
INFORMACIÓN: Destroying ProtocolHandler ["http-bio-8080"]
feb 25, 2015 8:46:43 PM org.apache.coyote.AbstractProtocol destroy
INFORMACIÓN: Destroying ProtocolHandler ["ajp-bio-8009"]
